<?xml version="1.0" encoding="UTF-8"?>
<!-- Generated by org.testng.reporters.JUnitReportReporter -->
<testsuite hostname="DESKTOP-A6TS6T6" failures="0" tests="1" name="sumValidationComplexJSON" time="2.612" errors="0" timestamp="13 Sep 2020 18:12:43 GMT">
  <testcase classname="sumValidationComplexJSON" name="SumOfCourses" time="2.612"/>
</testsuite> <!-- sumValidationComplexJSON -->
